"Start of log file."
"C:/Users/leona/DOCUME~1/FACULD~1/POMBAO~1/PROJET~1/Assets/Modelos/BLOCO_~1.MAX"
"Starting max loading and fbx conversion"
window = undefined
"Settings units"
"Before fbx export"
"After fbx export"
"Finished max loading and fbx conversion"
"C:/Users/leona/DOCUME~1/FACULD~1/POMBAO~1/PROJET~1/Assets/Modelos/POMBA_~1.MAX"
"Starting max loading and fbx conversion"
window = undefined
"Settings units"
"Before fbx export"
"After fbx export"
"Finished max loading and fbx conversion"
"C:/Users/leona/DOCUME~1/FACULD~1/POMBAO~1/PROJET~1/Assets/Modelos/BLOCO_~2.MAX"
"Starting max loading and fbx conversion"
window = undefined
"Settings units"
"Before fbx export"
"After fbx export"
"Finished max loading and fbx conversion"
"C:/Users/leona/DOCUME~1/FACULD~1/POMBAO~1/PROJET~1/Assets/Modelos/BLOCO_~3.MAX"
"Starting max loading and fbx conversion"
window = undefined
"Settings units"
"Before fbx export"
"After fbx export"
"Finished max loading and fbx conversion"
"C:/Users/leona/DOCUME~1/FACULD~1/POMBAO~1/PROJET~1/Assets/Modelos/BLOCO_~4.MAX"
"Starting max loading and fbx conversion"
window = undefined
"Settings units"
"Before fbx export"
"After fbx export"
"Finished max loading and fbx conversion"
"C:/Users/leona/DOCUME~1/FACULD~1/POMBAO~1/PROJET~1/Assets/Modelos/BLCB51~1.MAX"
"Starting max loading and fbx conversion"
window = undefined
"Settings units"
"Before fbx export"
"After fbx export"
"Finished max loading and fbx conversion"
"C:/Users/leona/DOCUME~1/FACULD~1/POMBAO~1/PROJET~1/Assets/Modelos/carro.max"
"Starting max loading and fbx conversion"
window = undefined
"Settings units"
"Before fbx export"
"After fbx export"
"Finished max loading and fbx conversion"
